[    76.298] (--) Log file renamed from "/home/mininet/.local/share/xorg/Xorg.pid-1473.log" to "/home/mininet/.local/share/xorg/Xorg.0.log"
[    76.310] 
X.Org X Server 1.20.13
X Protocol Version 11, Revision 0
[    76.310] Build Operating System: linux Ubuntu
[    76.310] Current Operating System: Linux ubuntu 5.15.0-117-generic #127~20.04.1-Ubuntu SMP Thu Jul 11 15:36:12 UTC 2024 x86_64
[    76.310] Kernel command line: BOOT_IMAGE=/boot/vmlinuz-5.15.0-117-generic root=UUID=d29f65c1-7444-4854-98d6-58ffc0fc7c37 ro find_preseed=/preseed.cfg auto noprompt priority=critical locale=en_US quiet
[    76.310] Build Date: 07 February 2023  12:48:13PM
[    76.310] xorg-server 2:1.20.13-1ubuntu1~20.04.6 (For technical support please see http://www.ubuntu.com/support) 
[    76.310] Current version of pixman: 0.38.4
[    76.310] 	Before reporting problems, check http://wiki.x.org
	to make sure that you have the latest version.
[    76.310] Markers: (--) probed, (**) from config file, (==) default setting,
	(++) from command line, (!!) notice, (II) informational,
	(WW) warning, (EE) error, (NI) not implemented, (??) unknown.
[    76.310] (==) Log file: "/home/mininet/.local/share/xorg/Xorg.0.log", Time: Wed Oct  9 04:11:47 2024
[    76.318] (==) Using system config directory "/usr/share/X11/xorg.conf.d"
[    76.323] (==) No Layout section.  Using the first Screen section.
[    76.323] (==) No screen section available. Using defaults.
[    76.323] (**) |-->Screen "Default Screen Section" (0)
[    76.323] (**) |   |-->Monitor "<default monitor>"
[    76.326] (==) No monitor specified for screen "Default Screen Section".
	Using a default monitor configuration.
[    76.326] (==) Automatically adding devices
[    76.326] (==) Automatically enabling devices
[    76.326] (==) Automatically adding GPU devices
[    76.326] (==) Automatically binding GPU devices
[    76.326] (==) Max clients allowed: 256, resource mask: 0x1fffff
[    76.326] (WW) The directory "/usr/share/fonts/X11/cyrillic" does not exist.
[    76.326] 	Entry deleted from font path.
[    76.326] (WW) The directory "/usr/share/fonts/X11/100dpi/" does not exist.
[    76.326] 	Entry deleted from font path.
[    76.326] (WW) The directory "/usr/share/fonts/X11/75dpi/" does not exist.
[    76.326] 	Entry deleted from font path.
[    76.326] (WW) The directory "/usr/share/fonts/X11/100dpi" does not exist.
[    76.326] 	Entry deleted from font path.
[    76.326] (WW) The directory "/usr/share/fonts/X11/75dpi" does not exist.
[    76.326] 	Entry deleted from font path.
[    76.326] (==) FontPath set to:
	/usr/share/fonts/X11/misc,
	/usr/share/fonts/X11/Type1,
	built-ins
[    76.326] (==) ModulePath set to "/usr/lib/xorg/modules"
[    76.326] (II) The server relies on udev to provide the list of input devices.
	If no devices become available, reconfigure udev or disable AutoAddDevices.
[    76.326] (II) Loader magic: 0x558f91791020
[    76.326] (II) Module ABI versions:
[    76.326] 	X.Org ANSI C Emulation: 0.4
[    76.326] 	X.Org Video Driver: 24.1
[    76.326] 	X.Org XInput driver : 24.1
[    76.326] 	X.Org Server Extension : 10.0
[    76.342] (++) using VT number 2

[    76.348] (II) systemd-logind: took control of session /org/freedesktop/login1/session/_32
[    76.352] (II) xfree86: Adding drm device (/dev/dri/card0)
[    76.355] (II) systemd-logind: got fd for /dev/dri/card0 226:0 fd 12 paused 0
[    76.388] (--) PCI:*(0@0:15:0) 15ad:0405:15ad:0405 rev 0, Mem @ 0xe8000000/134217728, 0xfe000000/8388608, I/O @ 0x00001070/16, BIOS @ 0x????????/131072
[    76.389] (II) LoadModule: "glx"
[    76.405] (II) Loading /usr/lib/xorg/modules/extensions/libglx.so
[    76.435] (II) Module glx: vendor="X.Org Foundation"
[    76.436] 	compiled for 1.20.13, module version = 1.0.0
[    76.436] 	ABI class: X.Org Server Extension, version 10.0
[    76.436] (==) Matched vmware as autoconfigured driver 0
[    76.436] (==) Matched modesetting as autoconfigured driver 1
[    76.436] (==) Matched fbdev as autoconfigured driver 2
[    76.436] (==) Matched vesa as autoconfigured driver 3
[    76.437] (==) Assigned the driver to the xf86ConfigLayout
[    76.437] (II) LoadModule: "vmware"
[    76.440] (II) Loading /usr/lib/xorg/modules/drivers/vmware_drv.so
[    77.508] (II) Module vmware: vendor="X.Org Foundation"
[    77.508] 	compiled for 1.20.8, module version = 13.3.0
[    77.509] 	Module class: X.Org Video Driver
[    77.509] 	ABI class: X.Org Video Driver, version 24.1
[    77.509] (II) LoadModule: "modesetting"
[    77.509] (II) Loading /usr/lib/xorg/modules/drivers/modesetting_drv.so
[    77.516] (II) Module modesetting: vendor="X.Org Foundation"
[    77.516] 	compiled for 1.20.13, module version = 1.20.13
[    77.516] 	Module class: X.Org Video Driver
[    77.516] 	ABI class: X.Org Video Driver, version 24.1
[    77.516] (II) LoadModule: "fbdev"
[    77.516] (II) Loading /usr/lib/xorg/modules/drivers/fbdev_drv.so
[    77.519] (II) Module fbdev: vendor="X.Org Foundation"
[    77.519] 	compiled for 1.20.1, module version = 0.5.0
[    77.519] 	Module class: X.Org Video Driver
[    77.519] 	ABI class: X.Org Video Driver, version 24.0
[    77.519] (II) LoadModule: "vesa"
[    77.519] (II) Loading /usr/lib/xorg/modules/drivers/vesa_drv.so
[    77.521] (II) Module vesa: vendor="X.Org Foundation"
[    77.521] 	compiled for 1.20.4, module version = 2.4.0
[    77.521] 	Module class: X.Org Video Driver
[    77.522] 	ABI class: X.Org Video Driver, version 24.0
[    77.522] (II) vmware: driver for VMware SVGA: vmware0405, vmware0710
[    77.522] (II) modesetting: Driver for Modesetting Kernel Drivers: kms
[    77.522] (II) FBDEV: driver for framebuffer: fbdev
[    77.522] (II) VESA: driver for VESA chipsets: vesa
[    77.522] xf86EnableIOPorts: failed to set IOPL for I/O (Operation not permitted)
[    77.522] (WW) Falling back to old probe method for modesetting
[    77.522] (WW) Falling back to old probe method for fbdev
[    77.522] (II) Loading sub module "fbdevhw"
[    77.522] (II) LoadModule: "fbdevhw"
[    77.522] (II) Loading /usr/lib/xorg/modules/libfbdevhw.so
[    77.525] (II) Module fbdevhw: vendor="X.Org Foundation"
[    77.525] 	compiled for 1.20.13, module version = 0.0.2
[    77.525] 	ABI class: X.Org Video Driver, version 24.1
[    77.525] (EE) open /dev/fb0: Permission denied
[    77.525] (WW) VGA arbiter: cannot open kernel arbiter, no multi-card support
[    77.525] (II) vmware(0): Creating default Display subsection in Screen section
	"Default Screen Section" for depth/fbbpp 24/32
[    77.525] (--) vmware(0): DRM driver version is 2.19.0
[    77.525] (==) vmware(0): Depth 24, (--) framebuffer bpp 32
[    77.525] (==) vmware(0): RGB weight 888
[    77.525] (==) vmware(0): Default visual is TrueColor
[    77.525] (--) vmware(0): Min width 1, Max Width 16384.
[    77.525] (--) vmware(0): Min height 1, Max Height 16384.
[    77.527] (II) vmware(0): Output Virtual1 has no monitor section
[    77.527] (II) vmware(0): Output Virtual2 has no monitor section
[    77.527] (II) vmware(0): Output Virtual3 has no monitor section
[    77.528] (II) vmware(0): Output Virtual4 has no monitor section
[    77.528] (II) vmware(0): Output Virtual5 has no monitor section
[    77.528] (II) vmware(0): Output Virtual6 has no monitor section
[    77.528] (II) vmware(0): Output Virtual7 has no monitor section
[    77.528] (II) vmware(0): Output Virtual8 has no monitor section
[    77.528] (II) vmware(0): Printing probed modes for output Virtual1
[    77.528] (II) vmware(0): Modeline "800x600"x60.0   42.75  800 850 900 950  600 650 700 750 -hsync +vsync (45.0 kHz eP)
[    77.528] (II) vmware(0): Modeline "3840x2400"x60.0  592.25  3840 3888 3920 4000  2400 2403 2409 2469 +hsync -vsync (148.1 kHz e)
[    77.528] (II) vmware(0): Modeline "3840x2160"x60.0  533.00  3840 3888 3920 4000  2160 2163 2168 2222 +hsync -vsync (133.2 kHz e)
[    77.528] (II) vmware(0): Modeline "2880x1800"x59.9  337.50  2880 2928 2960 3040  1800 1803 1809 1852 +hsync -vsync (111.0 kHz e)
[    77.528] (II) vmware(0): Modeline "2560x1600"x60.0  348.50  2560 2752 3032 3504  1600 1603 1609 1658 -hsync +vsync (99.5 kHz e)
[    77.528] (II) vmware(0): Modeline "2560x1440"x60.0  241.50  2560 2608 2640 2720  1440 1443 1448 1481 +hsync -vsync (88.8 kHz e)
[    77.528] (II) vmware(0): Modeline "1920x1440"x60.0  234.00  1920 2048 2256 2600  1440 1441 1444 1500 -hsync +vsync (90.0 kHz e)
[    77.528] (II) vmware(0): Modeline "1856x1392"x60.0  218.25  1856 1952 2176 2528  1392 1393 1396 1439 -hsync +vsync (86.3 kHz e)
[    77.528] (II) vmware(0): Modeline "1792x1344"x60.0  204.75  1792 1920 2120 2448  1344 1345 1348 1394 -hsync +vsync (83.6 kHz e)
[    77.528] (II) vmware(0): Modeline "1920x1200"x59.9  193.25  1920 2056 2256 2592  1200 1203 1209 1245 -hsync +vsync (74.6 kHz e)
[    77.528] (II) vmware(0): Modeline "1920x1080"x60.0  173.00  1920 2048 2248 2576  1080 1083 1088 1120 -hsync +vsync (67.2 kHz e)
[    77.528] (II) vmware(0): Modeline "1600x1200"x60.0  162.00  1600 1664 1856 2160  1200 1201 1204 1250 +hsync +vsync (75.0 kHz e)
[    77.528] (II) vmware(0): Modeline "1680x1050"x60.0  146.25  1680 1784 1960 2240  1050 1053 1059 1089 -hsync +vsync (65.3 kHz e)
[    77.529] (II) vmware(0): Modeline "1400x1050"x60.0  121.75  1400 1488 1632 1864  1050 1053 1057 1089 -hsync +vsync (65.3 kHz e)
[    77.529] (II) vmware(0): Modeline "1280x1024"x60.0  108.00  1280 1328 1440 1688  1024 1025 1028 1066 +hsync +vsync (64.0 kHz e)
[    77.529] (II) vmware(0): Modeline "1440x900"x59.9  106.50  1440 1520 1672 1904  900 903 909 934 -hsync +vsync (55.9 kHz e)
[    77.529] (II) vmware(0): Modeline "1280x960"x60.0  108.00  1280 1376 1488 1800  960 961 964 1000 +hsync +vsync (60.0 kHz e)
[    77.529] (II) vmware(0): Modeline "1360x768"x60.0   85.50  1360 1424 1536 1792  768 771 777 795 +hsync +vsync (47.7 kHz e)
[    77.529] (II) vmware(0): Modeline "1280x800"x59.8   83.50  1280 1352 1480 1680  800 803 809 831 +hsync -vsync (49.7 kHz e)
[    77.529] (II) vmware(0): Modeline "1152x864"x75.0  108.00  1152 1216 1344 1600  864 865 868 900 +hsync +vsync (67.5 kHz e)
[    77.529] (II) vmware(0): Modeline "1280x768"x59.9   79.50  1280 1344 1472 1664  768 771 778 798 -hsync +vsync (47.8 kHz e)
[    77.529] (II) vmware(0): Modeline "1280x720"x59.9   74.50  1280 1344 1472 1664  720 723 728 748 -hsync +vsync (44.8 kHz e)
[    77.529] (II) vmware(0): Modeline "1024x768"x60.0   65.00  1024 1048 1184 1344  768 771 777 806 -hsync -vsync (48.4 kHz e)
[    77.529] (II) vmware(0): Modeline "800x600"x60.3   40.00  800 840 968 1056  600 601 605 628 +hsync +vsync (37.9 kHz e)
[    77.529] (II) vmware(0): Modeline "640x480"x59.9   25.18  640 656 752 800  480 489 492 525 -hsync -vsync (31.5 kHz e)
[    77.529] (II) vmware(0): EDID for output Virtual2
[    77.529] (II) vmware(0): EDID for output Virtual3
[    77.529] (II) vmware(0): EDID for output Virtual4
[    77.529] (II) vmware(0): EDID for output Virtual5
[    77.529] (II) vmware(0): EDID for output Virtual6
[    77.529] (II) vmware(0): EDID for output Virtual7
[    77.529] (II) vmware(0): EDID for output Virtual8
[    77.529] (II) vmware(0): Output Virtual1 connected
[    77.529] (II) vmware(0): Output Virtual2 disconnected
[    77.529] (II) vmware(0): Output Virtual3 disconnected
[    77.529] (II) vmware(0): Output Virtual4 disconnected
[    77.529] (II) vmware(0): Output Virtual5 disconnected
[    77.529] (II) vmware(0): Output Virtual6 disconnected
[    77.529] (II) vmware(0): Output Virtual7 disconnected
[    77.529] (II) vmware(0): Output Virtual8 disconnected
[    77.529] (II) vmware(0): Using exact sizes for initial modes
[    77.529] (II) vmware(0): Output Virtual1 using initial mode 800x600 +0+0
[    77.530] (==) vmware(0): DPI set to (96, 96)
[    77.530] (==) vmware(0): Using gamma correction (1.0, 1.0, 1.0)
[    77.530] (II) Loading sub module "fb"
[    77.530] (II) LoadModule: "fb"
[    77.530] (II) Loading /usr/lib/xorg/modules/libfb.so
[    77.548] (II) Module fb: vendor="X.Org Foundation"
[    77.548] 	compiled for 1.20.13, module version = 1.0.0
[    77.548] 	ABI class: X.Org ANSI C Emulation, version 0.4
[    77.548] (II) Loading sub module "dri2"
[    77.548] (II) LoadModule: "dri2"
[    77.548] (II) Module "dri2" already built-in
[    77.548] (II) Loading sub module "dri3"
[    77.548] (II) LoadModule: "dri3"
[    77.548] (II) Module "dri3" already built-in
[    77.548] (II) UnloadModule: "modesetting"
[    77.548] (II) Unloading modesetting
[    77.548] (II) UnloadModule: "fbdev"
[    77.548] (II) Unloading fbdev
[    77.548] (II) UnloadSubModule: "fbdevhw"
[    77.548] (II) Unloading fbdevhw
[    77.548] (II) UnloadModule: "vesa"
[    77.548] (II) Unloading vesa
[    77.559] (II) vmware(0): Initialized VMWARE_CTRL extension version 0.2
[    77.717] (II) vmware(0): Gallium3D XA version: 2.5.0.
[    77.718] (II) vmware(0): Path of drm device is "/dev/dri/card0".
[    77.718] (II) vmware(0): [DRI2] Setup complete
[    77.719] (II) vmware(0): [DRI2]   DRI driver: vmwgfx
[    78.023] (--) vmware(0): Render acceleration is enabled.
[    78.023] (==) vmware(0): Rendercheck mode is disabled.
[    78.023] (--) vmware(0): Direct rendering (DRI2 3D) is enabled.
[    78.024] (--) vmware(0): Direct rendering (DRI3 3D) is enabled.
[    78.024] (==) vmware(0): Direct presents are disabled.
[    78.024] (==) vmware(0): Hardware only presents are automatic per scanout.
[    78.025] (==) vmware(0): Backing store enabled
[    78.025] (==) vmware(0): Silken mouse enabled
[    78.031] (==) vmware(0): DPMS enabled
[    78.032] (II) Initializing extension Generic Event Extension
[    78.032] (II) Initializing extension SHAPE
[    78.033] (II) Initializing extension MIT-SHM
[    78.033] (II) Initializing extension XInputExtension
[    78.037] (II) Initializing extension XTEST
[    78.039] (II) Initializing extension BIG-REQUESTS
[    78.039] (II) Initializing extension SYNC
[    78.041] (II) Initializing extension XKEYBOARD
[    78.041] (II) Initializing extension XC-MISC
[    78.042] (II) Initializing extension SECURITY
[    78.042] (II) Initializing extension XFIXES
[    78.044] (II) Initializing extension RENDER
[    78.046] (II) Initializing extension RANDR
[    78.048] (II) Initializing extension COMPOSITE
[    78.048] (II) Initializing extension DAMAGE
[    78.049] (II) Initializing extension MIT-SCREEN-SAVER
[    78.050] (II) Initializing extension DOUBLE-BUFFER
[    78.051] (II) Initializing extension RECORD
[    78.051] (II) Initializing extension DPMS
[    78.057] (II) Initializing extension Present
[    78.059] (II) Initializing extension DRI3
[    78.060] (II) Initializing extension X-Resource
[    78.061] (II) Initializing extension XVideo
[    78.062] (II) Initializing extension XVideo-MotionCompensation
[    78.062] (II) Initializing extension SELinux
[    78.062] (II) SELinux: Disabled on system
[    78.062] (II) Initializing extension GLX
[    78.109] (II) AIGLX: Loaded and initialized vmwgfx
[    78.109] (II) GLX: Initialized DRI2 GL provider for screen 0
[    78.110] (II) Initializing extension XFree86-VidModeExtension
[    78.110] (II) Initializing extension XFree86-DGA
[    78.112] (II) Initializing extension XFree86-DRI
[    78.112] (II) Initializing extension DRI2
[    78.130] (II) vmware(0): Setting screen physical size to 211 x 158
[    78.222] (II) config/udev: Adding input device Power Button (/dev/input/event0)
[    78.222] (**) Power Button: Applying InputClass "libinput keyboard catchall"
[    78.222] (II) LoadModule: "libinput"
[    78.223] (II) Loading /usr/lib/xorg/modules/input/libinput_drv.so
[    78.231] (II) Module libinput: vendor="X.Org Foundation"
[    78.231] 	compiled for 1.20.4, module version = 0.29.0
[    78.231] 	Module class: X.Org XInput Driver
[    78.233] 	ABI class: X.Org XInput driver, version 24.1
[    78.233] (II) Using input driver 'libinput' for 'Power Button'
[    78.265] (II) systemd-logind: got fd for /dev/input/event0 13:64 fd 24 paused 0
[    78.265] (**) Power Button: always reports core events
[    78.265] (**) Option "Device" "/dev/input/event0"
[    78.265] (**) Option "_source" "server/udev"
[    78.274] (II) event0  - Power Button: is tagged by udev as: Keyboard
[    78.275] (II) event0  - Power Button: device is a keyboard
[    78.275] (II) event0  - Power Button: device removed
[    78.275] (**) Option "config_info" "udev:/sys/devices/LNXSYSTM:00/LNXPWRBN:00/input/input0/event0"
[    78.276] (II) XINPUT: Adding extended input device "Power Button" (type: KEYBOARD, id 6)
[    78.277] (**) Option "xkb_model" "SKIP"
[    78.277] (**) Option "xkb_layout" "us"
[    78.398] (II) event0  - Power Button: is tagged by udev as: Keyboard
[    78.399] (II) event0  - Power Button: device is a keyboard
[    78.407] (II) config/udev: Adding input device VMware VMware Virtual USB Mouse (/dev/input/event4)
[    78.407] (**) VMware VMware Virtual USB Mouse: Applying InputClass "libinput pointer catchall"
[    78.409] (II) Using input driver 'libinput' for 'VMware VMware Virtual USB Mouse'
[    78.469] (II) systemd-logind: got fd for /dev/input/event4 13:68 fd 27 paused 0
[    78.469] (**) VMware VMware Virtual USB Mouse: always reports core events
[    78.469] (**) Option "Device" "/dev/input/event4"
[    78.469] (**) Option "_source" "server/udev"
[    78.481] (II) event4  - VMware VMware Virtual USB Mouse: is tagged by udev as: Mouse
[    78.482] (II) event4  - VMware VMware Virtual USB Mouse: device is a pointer
[    78.482] (II) event4  - VMware VMware Virtual USB Mouse: device removed
[    78.482] (**) Option "config_info" "udev:/sys/devices/pci0000:00/0000:00:11.0/0000:02:00.0/usb2/2-1/2-1:1.0/0003:0E0F:0003.0001/input/input5/event4"
[    78.482] (II) XINPUT: Adding extended input device "VMware VMware Virtual USB Mouse" (type: MOUSE, id 7)
[    78.483] (**) Option "AccelerationScheme" "none"
[    78.483] (**) VMware VMware Virtual USB Mouse: (accel) selected scheme none/0
[    78.483] (**) VMware VMware Virtual USB Mouse: (accel) acceleration factor: 2.000
[    78.483] (**) VMware VMware Virtual USB Mouse: (accel) acceleration threshold: 4
[    78.497] (II) event4  - VMware VMware Virtual USB Mouse: is tagged by udev as: Mouse
[    78.499] (II) event4  - VMware VMware Virtual USB Mouse: device is a pointer
[    78.503] (II) config/udev: Adding input device VMware VMware Virtual USB Mouse (/dev/input/mouse2)
[    78.503] (II) No input driver specified, ignoring this device.
[    78.503] (II) This device may have been added with another device file.
[    78.508] (II) config/udev: Adding input device AT Translated Set 2 keyboard (/dev/input/event1)
[    78.511] (**) AT Translated Set 2 keyboard: Applying InputClass "libinput keyboard catchall"
[    78.511] (II) Using input driver 'libinput' for 'AT Translated Set 2 keyboard'
[    78.515] (II) systemd-logind: got fd for /dev/input/event1 13:65 fd 28 paused 0
[    78.515] (**) AT Translated Set 2 keyboard: always reports core events
[    78.516] (**) Option "Device" "/dev/input/event1"
[    78.516] (**) Option "_source" "server/udev"
[    78.523] (II) event1  - AT Translated Set 2 keyboard: is tagged by udev as: Keyboard
[    78.524] (II) event1  - AT Translated Set 2 keyboard: device is a keyboard
[    78.528] (II) event1  - AT Translated Set 2 keyboard: device removed
[    78.528] (**) Option "config_info" "udev:/sys/devices/platform/i8042/serio0/input/input1/event1"
[    78.529] (II) XINPUT: Adding extended input device "AT Translated Set 2 keyboard" (type: KEYBOARD, id 8)
[    78.529] (**) Option "xkb_model" "SKIP"
[    78.529] (**) Option "xkb_layout" "us"
[    78.534] (II) event1  - AT Translated Set 2 keyboard: is tagged by udev as: Keyboard
[    78.534] (II) event1  - AT Translated Set 2 keyboard: device is a keyboard
[    78.536] (II) config/udev: Adding input device VirtualPS/2 VMware VMMouse (/dev/input/event3)
[    78.536] (**) VirtualPS/2 VMware VMMouse: Applying InputClass "libinput pointer catchall"
[    78.537] (II) Using input driver 'libinput' for 'VirtualPS/2 VMware VMMouse'
[    78.540] (II) systemd-logind: got fd for /dev/input/event3 13:67 fd 29 paused 0
[    78.540] (**) VirtualPS/2 VMware VMMouse: always reports core events
[    78.540] (**) Option "Device" "/dev/input/event3"
[    78.540] (**) Option "_source" "server/udev"
[    78.544] (II) event3  - VirtualPS/2 VMware VMMouse: is tagged by udev as: Mouse
[    78.544] (II) event3  - VirtualPS/2 VMware VMMouse: device is a pointer
[    78.545] (II) event3  - VirtualPS/2 VMware VMMouse: device removed
[    78.545] (**) Option "config_info" "udev:/sys/devices/platform/i8042/serio1/input/input3/event3"
[    78.546] (II) XINPUT: Adding extended input device "VirtualPS/2 VMware VMMouse" (type: MOUSE, id 9)
[    78.546] (**) Option "AccelerationScheme" "none"
[    78.547] (**) VirtualPS/2 VMware VMMouse: (accel) selected scheme none/0
[    78.547] (**) VirtualPS/2 VMware VMMouse: (accel) acceleration factor: 2.000
[    78.547] (**) VirtualPS/2 VMware VMMouse: (accel) acceleration threshold: 4
[    78.550] (II) event3  - VirtualPS/2 VMware VMMouse: is tagged by udev as: Mouse
[    78.550] (II) event3  - VirtualPS/2 VMware VMMouse: device is a pointer
[    78.551] (II) config/udev: Adding input device VirtualPS/2 VMware VMMouse (/dev/input/mouse1)
[    78.552] (II) No input driver specified, ignoring this device.
[    78.552] (II) This device may have been added with another device file.
[    78.554] (II) config/udev: Adding input device VirtualPS/2 VMware VMMouse (/dev/input/event2)
[    78.555] (**) VirtualPS/2 VMware VMMouse: Applying InputClass "libinput pointer catchall"
[    78.555] (II) Using input driver 'libinput' for 'VirtualPS/2 VMware VMMouse'
[    78.559] (II) systemd-logind: got fd for /dev/input/event2 13:66 fd 30 paused 0
[    78.559] (**) VirtualPS/2 VMware VMMouse: always reports core events
[    78.559] (**) Option "Device" "/dev/input/event2"
[    78.560] (**) Option "_source" "server/udev"
[    78.564] (II) event2  - VirtualPS/2 VMware VMMouse: is tagged by udev as: Mouse
[    78.564] (II) event2  - VirtualPS/2 VMware VMMouse: device is a pointer
[    78.565] (II) event2  - VirtualPS/2 VMware VMMouse: device removed
[    78.565] (**) Option "config_info" "udev:/sys/devices/platform/i8042/serio1/input/input4/event2"
[    78.566] (II) XINPUT: Adding extended input device "VirtualPS/2 VMware VMMouse" (type: MOUSE, id 10)
[    78.566] (**) Option "AccelerationScheme" "none"
[    78.566] (**) VirtualPS/2 VMware VMMouse: (accel) selected scheme none/0
[    78.567] (**) VirtualPS/2 VMware VMMouse: (accel) acceleration factor: 2.000
[    78.567] (**) VirtualPS/2 VMware VMMouse: (accel) acceleration threshold: 4
[    78.572] (II) event2  - VirtualPS/2 VMware VMMouse: is tagged by udev as: Mouse
[    78.574] (II) event2  - VirtualPS/2 VMware VMMouse: device is a pointer
[    78.577] (II) config/udev: Adding input device VirtualPS/2 VMware VMMouse (/dev/input/mouse0)
[    78.577] (II) No input driver specified, ignoring this device.
[    78.578] (II) This device may have been added with another device file.
[   113.991] (!!) vmware(0): New layout.
[   113.991] (!!) vmware(0): 0: 0 0 1920 947
[   113.991] (!!) vmware(0): 
[   114.399] (!!) vmware(0): New layout.
[   114.399] (!!) vmware(0): 0: 0 0 1920 1080
[   114.399] (!!) vmware(0): 
[   136.292] (!!) vmware(0): New layout.
[   136.292] (!!) vmware(0): 0: 0 0 800 600
[   136.292] (!!) vmware(0): 
